* using log directory 'C:/Users/matta/OneDrive/Documents/Rats-Credit/Sources/lib/Base Models/baseModels.Rcheck'
* using R version 3.6.1 (2019-07-05)
* using platform: x86_64-w64-mingw32 (64-bit)
* using session charset: ISO8859-1
* using options '--no-manual --as-cran'
* checking for file 'baseModels/DESCRIPTION' ... OK
* checking extension type ... Package
* this is package 'baseModels' version '1.0'
* checking package namespace information ... OK
* checking package dependencies ... OK
* checking if this is a source package ... WARNING
Subdirectory 'src' contains:
  acaCreditUpdate.hpp gbCreditUpdate.hpp gbacaCreditUpdate.hpp
  utils.hpp
These are unlikely file names for src files.
* checking if there is a namespace ... OK
* checking for executable files ... OK
* checking for hidden files and directories ... OK
* checking for portable file names ... OK
* checking serialization versions ... OK
* checking whether package 'baseModels' can be installed ... WARNING
Found the following significant warnings:
  Warning: C:/Users/matta/AppData/Local/Temp/RtmpGanKlG/Rbuild4da4774a1d5/baseModels/man/baseModels-package.Rd:26: All text must be in a section
See 'C:/Users/matta/OneDrive/Documents/Rats-Credit/Sources/lib/Base Models/baseModels.Rcheck/00install.out' for details.
* checking installed package size ... OK
* checking package directory ... OK
* checking for future file timestamps ... NOTE
unable to verify current time
* checking DESCRIPTION meta-information ... NOTE
Malformed Description field: should contain one or more complete sentences.
Non-standard license specification:
  What license is it under?
Standardizable: FALSE
* checking top-level files ... OK
* checking for left-over files ... OK
* checking index information ... OK
* checking package subdirectories ... OK
* checking R files for non-ASCII characters ... OK
* checking R files for syntax errors ... OK
* loading checks for arch 'i386'
** checking whether the package can be loaded ... OK
** checking whether the package can be loaded with stated dependencies ... OK
** checking whether the package can be unloaded cleanly ... OK
** checking whether the namespace can be loaded with stated dependencies ... OK
** checking whether the namespace can be unloaded cleanly ... OK
** checking loading without being on the library search path ... OK
* loading checks for arch 'x64'
** checking whether the package can be loaded ... OK
** checking whether the package can be loaded with stated dependencies ... OK
** checking whether the package can be unloaded cleanly ... OK
** checking whether the namespace can be loaded with stated dependencies ... OK
** checking whether the namespace can be unloaded cleanly ... OK
** checking loading without being on the library search path ... OK
* checking dependencies in R code ... OK
* checking S3 generic/method consistency ... OK
* checking replacement functions ... OK
* checking foreign function calls ... OK
* checking R code for possible problems ... OK
* checking Rd files ... WARNING
prepare_Rd: baseModels-package.Rd:26: All text must be in a section
* checking Rd metadata ... OK
* checking Rd line widths ... OK
* checking Rd cross-references ... WARNING
Unknown package '<pkg>' in Rd xrefs
* checking for missing documentation entries ... OK
* checking for code/documentation mismatches ... OK
* checking Rd \usage sections ... OK
* checking Rd contents ... OK
* checking for unstated dependencies in examples ... WARNING
Warning: parse error in file 'baseModels-Ex.R':
22:11: unexpected symbol
21: 
22: ~~ simple examples
              ^
* checking line endings in C/C++/Fortran sources/headers ... OK
* checking line endings in Makefiles ... OK
* checking compilation flags in Makevars ... OK
* checking for GNU extensions in Makefiles ... OK
* checking for portable use of $(BLAS_LIBS) and $(LAPACK_LIBS) ... OK
* checking use of SHLIB_OPENMP_*FLAGS in Makefiles ... OK
* checking pragmas in C/C++ headers and code ... OK
* checking compilation flags used ... OK
* checking compiled code ... OK
* checking examples ...
** running examples for arch 'i386' ... ERROR
Running examples in 'baseModels-Ex.R' failed
The error most likely occurred in:

> base::assign(".ptime", proc.time(), pos = "CheckExEnv")
> ### Name: baseModels-package
> ### Title: What the package does (short line)
> ### Aliases: baseModels-package baseModels
> ### Keywords: package
> 
> ### ** Examples
> 
> ~~ simple examples of the most important functions ~~
Error: unexpected symbol in "~~ simple examples"
Execution halted
** running examples for arch 'x64' ... ERROR
Running examples in 'baseModels-Ex.R' failed
The error most likely occurred in:

> base::assign(".ptime", proc.time(), pos = "CheckExEnv")
> ### Name: baseModels-package
> ### Title: What the package does (short line)
> ### Aliases: baseModels-package baseModels
> ### Keywords: package
> 
> ### ** Examples
> 
> ~~ simple examples of the most important functions ~~
Error: unexpected symbol in "~~ simple examples"
Execution halted
* DONE
Status: 2 ERRORs, 5 WARNINGs, 2 NOTEs
