* installing *source* package 'baseModels' ...
** using staged installation
** libs

*** arch - i386
C:/RBuildTools/3.5/mingw_32/bin/g++  -std=gnu++11 -I"C:/PROGRA~1/R/R-36~1.1/include" -DNDEBUG  -I"C:/Users/matta/OneDrive/Documents/R/win-library/3.6/Rcpp/include" -I"C:/Users/matta/OneDrive/Documents/R/win-library/3.6/RcppArmadillo/include"     -fopenmp    -O2 -Wall  -mtune=generic -c RcppExports.cpp -o RcppExports.o
C:/RBuildTools/3.5/mingw_32/bin/g++  -std=gnu++11 -I"C:/PROGRA~1/R/R-36~1.1/include" -DNDEBUG  -I"C:/Users/matta/OneDrive/Documents/R/win-library/3.6/Rcpp/include" -I"C:/Users/matta/OneDrive/Documents/R/win-library/3.6/RcppArmadillo/include"     -fopenmp    -O2 -Wall  -mtune=generic -c common.cpp -o common.o
In file included from common.cpp:9:0:
gbCreditUpdate.hpp: In function 'arma::mat GbCreditUpdate(arma::mat&, arma::vec, arma::vec, double, float, double)':
gbCreditUpdate.hpp:43:27: warning: comparison between signed and unsigned integer expressions [-Wsign-compare]
     for(unsigned int l=0;l< setdiff_state1.size();l++){
                           ^
gbCreditUpdate.hpp:81:27: warning: comparison between signed and unsigned integer expressions [-Wsign-compare]
     for(unsigned int l=0;l< setdiff_state2.size();l++){
                           ^
In file included from common.cpp:10:0:
gbacaCreditUpdate.hpp: In function 'arma::mat GbAcaCreditUpdate(arma::mat&, arma::vec, arma::vec, double, float, double, arma::mat)':
gbacaCreditUpdate.hpp:48:27: warning: comparison between signed and unsigned integer expressions [-Wsign-compare]
     for(unsigned int l=0;l< setdiff_state1.size();l++){
                           ^
gbacaCreditUpdate.hpp:88:27: warning: comparison between signed and unsigned integer expressions [-Wsign-compare]
     for(unsigned int l=0;l< setdiff_state2.size();l++){
                           ^
C:/RBuildTools/3.5/mingw_32/bin/g++  -std=gnu++11 -I"C:/PROGRA~1/R/R-36~1.1/include" -DNDEBUG  -I"C:/Users/matta/OneDrive/Documents/R/win-library/3.6/Rcpp/include" -I"C:/Users/matta/OneDrive/Documents/R/win-library/3.6/RcppArmadillo/include"     -fopenmp    -O2 -Wall  -mtune=generic -c rcpparma_hello_world.cpp -o rcpparma_hello_world.o
C:/RBuildTools/3.5/mingw_32/bin/g++ -shared -s -static-libgcc -o baseModels.dll tmp.def RcppExports.o common.o rcpparma_hello_world.o -fopenmp -LC:/PROGRA~1/R/R-36~1.1/bin/i386 -lRlapack -LC:/PROGRA~1/R/R-36~1.1/bin/i386 -lRblas -lgfortran -lm -lquadmath -LC:/PROGRA~1/R/R-36~1.1/bin/i386 -lR
Warning messages:
1: In FUN(X[[i]], ...) : this requires 'nm' to be on the PATH
2: In FUN(X[[i]], ...) : this requires 'nm' to be on the PATH
3: In FUN(X[[i]], ...) : this requires 'nm' to be on the PATH
installing to C:/Users/matta/OneDrive/DOCUME~1/RATS-C~1/Sources/lib/Base Models/baseModels.Rcheck/00LOCK-baseModels/00new/baseModels/libs/i386

*** arch - x64
C:/RBuildTools/3.5/mingw_64/bin/g++  -std=gnu++11 -I"C:/PROGRA~1/R/R-36~1.1/include" -DNDEBUG  -I"C:/Users/matta/OneDrive/Documents/R/win-library/3.6/Rcpp/include" -I"C:/Users/matta/OneDrive/Documents/R/win-library/3.6/RcppArmadillo/include"     -fopenmp    -O2 -Wall  -mtune=generic -c RcppExports.cpp -o RcppExports.o
C:/RBuildTools/3.5/mingw_64/bin/g++  -std=gnu++11 -I"C:/PROGRA~1/R/R-36~1.1/include" -DNDEBUG  -I"C:/Users/matta/OneDrive/Documents/R/win-library/3.6/Rcpp/include" -I"C:/Users/matta/OneDrive/Documents/R/win-library/3.6/RcppArmadillo/include"     -fopenmp    -O2 -Wall  -mtune=generic -c common.cpp -o common.o
C:/RBuildTools/3.5/mingw_64/bin/g++  -std=gnu++11 -I"C:/PROGRA~1/R/R-36~1.1/include" -DNDEBUG  -I"C:/Users/matta/OneDrive/Documents/R/win-library/3.6/Rcpp/include" -I"C:/Users/matta/OneDrive/Documents/R/win-library/3.6/RcppArmadillo/include"     -fopenmp    -O2 -Wall  -mtune=generic -c rcpparma_hello_world.cpp -o rcpparma_hello_world.o
C:/RBuildTools/3.5/mingw_64/bin/g++ -shared -s -static-libgcc -o baseModels.dll tmp.def RcppExports.o common.o rcpparma_hello_world.o -fopenmp -LC:/PROGRA~1/R/R-36~1.1/bin/x64 -lRlapack -LC:/PROGRA~1/R/R-36~1.1/bin/x64 -lRblas -lgfortran -lm -lquadmath -LC:/PROGRA~1/R/R-36~1.1/bin/x64 -lR
Warning messages:
1: In FUN(X[[i]], ...) : this requires 'nm' to be on the PATH
2: In FUN(X[[i]], ...) : this requires 'nm' to be on the PATH
3: In FUN(X[[i]], ...) : this requires 'nm' to be on the PATH
installing to C:/Users/matta/OneDrive/DOCUME~1/RATS-C~1/Sources/lib/Base Models/baseModels.Rcheck/00LOCK-baseModels/00new/baseModels/libs/x64
** R
** byte-compile and prepare package for lazy loading
** help
Warning: C:/Users/matta/AppData/Local/Temp/RtmpGanKlG/Rbuild4da4774a1d5/baseModels/man/baseModels-package.Rd:26: All text must be in a section
*** installing help indices
** building package indices
** testing if installed package can be loaded from temporary location
*** arch - i386
*** arch - x64
** testing if installed package can be loaded from final location
*** arch - i386
*** arch - x64
** testing if installed package keeps a record of temporary installation path
* DONE (baseModels)
